<?xml version="1.0" encoding="UTF-8" ?>
<testsuite tests="4" failures="0" name="multibags.RunCucumberTest" time="55.151" errors="0" skipped="0">
  <properties>
[...]
</properties>
  <testcase classname="Alteracao de senha" name="Erro na alteracao de senha" time="15.22"/>
  <testcase classname="Login de um usuário" name="Realizar login no multibags #1" time="12.991"/>
  <testcase classname="Login de um usuário" name="Realizar login no multibags #2" time="13.007"/>
  <testcase classname="Login de um usuário" name="Realizar login no multibags #3" time="13.933"/>
</testsuite>